BLOCO 0.4 complete. Here's the summary:

## BLOCO 0.4 — Observability Profissional + Push Notifications

### PARTE 1 — Observability

| File | Description |
|---|---|
| `lib/monitoring/telemetry.ts` | `trackEvent()`, `trackPerformance()`, `trackError()` with Sentry integration |
| `lib/monitoring/health.ts` | Comprehensive health checks (database, auth, storage, event store) |
| `app/api/health/full/route.ts` | New `/api/health/full` endpoint with detailed status |
| `lib/monitoring/request-logger.ts` | HTTP request logging with buffered Supabase persistence |
| `lib/monitoring/index.ts` | Updated exports for all new modules |

### PARTE 2 — Push Notifications

| File | Description |
|---|---|
| `lib/notifications/push-service.ts` | `registerToken()`, `sendToUser()`, `sendToAcademy()` |
| `lib/notifications/notification-router.ts` | Channel routing (push/email/in-app) with quiet hours |
| `lib/notifications/preferences.ts` | User notification preferences CRUD |
| `lib/notifications/templates/` | 5 templates: checkin, belt promotion, class reminder, payment due, message received |
| `lib/notifications/event-notification-wiring.ts` | Event bus integration (AttendanceRecorded, PromotionGranted, churn risk) |
| `lib/notifications/index.ts` | Unified module exports |

### Migration

`supabase/migrations/00024_observability_push.sql` — `request_logs` (partitioned by month), `push_tokens`, `notification_preferences` tables with RLS policies and triggers.

### Results
- **Build**: passed
- **Tests**: 473 passed, 1 skipped (26 test files)
- **Commit**: `939e8c3 [bloco 0.4] Observability Profissional + Push Notifications`
