Bloco 0.1 concluído com sucesso. Resumo:

**TAREFA 1 — Unified Event Store:**
- `lib/event-store/unified-event-store.ts` — Adapter unificado usando apenas Supabase client, com:
  - `appendEvents()` com deduplicação via idempotencyKey
  - `getEvents()` por aggregate com ordering
  - `getSnapshot()` / `saveSnapshot()`
  - Retry com exponential backoff (3 tentativas)
  - Batch append
  - Subscription via Supabase Realtime
  - Métricas (contagem por tipo, tempo médio, falhas)
- `postgres-event-store.ts` marcado como `@deprecated`
- Re-export no `event-store.ts` original para backward compatibility

**TAREFA 2 — CQRS Read Models:**
- `lib/read-models/types.ts` — Interface `ReadModel`
- `lib/read-models/projector-runner.ts` — Wiring com eventBus + rebuild
- `lib/read-models/read-models/academy-stats.ts` — Stats agregados da academia
- `lib/read-models/read-models/athlete-profile.ts` — Perfil materializado do atleta
- `lib/read-models/read-models/feed-timeline.ts` — Stub para feed social (Fase 2)
- `supabase/migrations/00022_read_models.sql` — Tabelas `rm_academy_stats` e `rm_athlete_profile` com RLS, indexes e triggers

**Verificações:**
- `pnpm build` — OK
- `npx vitest run` — 473 testes passando, 0 falhas
- Commit: `c15fd16`
