**BLOCO 0.2 — Status: Completo**

O BLOCO 0.2 já estava totalmente implementado e commitado (26ba6d8). Fiz a auditoria completa e tudo está correto:

### PARTE 1 — Feature Flags
- `lib/feature-flags/flags.ts` — Registry com 7 flags + tipos
- `lib/feature-flags/provider.tsx` — React context que carrega do Supabase
- `lib/feature-flags/use-flag.ts` — Hook `useFlag('social_feed')`
- `lib/feature-flags/evaluate.ts` — Server-side `isEnabled()` com avaliação por: globally, academy, role, percentage rollout
- `lib/feature-flags/index.ts` — Re-exports

### PARTE 2 — Background Jobs
- `supabase/functions/cron-daily-stats/index.ts` — Recalcula rm_academy_stats
- `supabase/functions/cron-churn-alert/index.ts` — Detecta churn risk, cria alertas
- `supabase/functions/cron-cleanup/index.ts` — Limpa tokens/notificações/logs expirados

### PARTE 3 — Deep Linking
- `hooks/useDeepLink.ts` — Capacitor `appUrlOpen` listener com route resolution
- `app/api/deep-link/route.ts` — Server-side URL resolver
- `capacitor.config.ts` — Deep linking configurado (hostname: blackbelt.app)
- `public/.well-known/apple-app-site-association` — iOS Universal Links
- `public/.well-known/assetlinks.json` — Android App Links

### Migration
- `supabase/migrations/00023_feature_flags_and_cron.sql` — Tabela feature_flags + RLS + seed + pg_cron scheduling

### Verificações
- **Build**: `pnpm build` passou sem erros
- **Testes**: 473 passed, 1 skipped (26 test files)
- **Commit**: Já existe em 26ba6d8 — sem alterações necessárias
