Bloco 0.2 concluído. Resumo:

### PART 1 — Feature Flags
- `lib/feature-flags/flags.ts` — Registry com 7 flags (social_feed, video_platform, competitions, marketplace, ai_coaching, offline_mode, live_scoring)
- `lib/feature-flags/evaluate.ts` — Avaliação server-side com suporte a: globally enabled, per-academy, per-role, percentage rollout
- `lib/feature-flags/provider.tsx` — React context que carrega flags do Supabase
- `lib/feature-flags/use-flag.ts` — Hook `useFlag('social_feed')` para componentes
- `lib/feature-flags/index.ts` — Re-exports

### PART 2 — Background Jobs
- `supabase/functions/cron-daily-stats/` — Recalcula rm_academy_stats diariamente (03:00 UTC)
- `supabase/functions/cron-churn-alert/` — Identifica membros em risco de churn (04:00 UTC)
- `supabase/functions/cron-cleanup/` — Limpa tokens expirados, notificações antigas, logs (02:00 UTC)

### PART 3 — Deep Linking
- `app/api/deep-link/route.ts` — Resolve URLs: /academy/:slug, /athlete/:id, /post/:id, /competition/:id
- `hooks/useDeepLink.ts` — Hook Capacitor que escuta `appUrlOpen` e navega para rota correta
- `capacitor.config.ts` — Adicionado hostname para deep linking
- `public/.well-known/apple-app-site-association` — Atualizado com paths de deep link
- `supabase/migrations/00023_feature_flags_and_cron.sql` — Tabela feature_flags + seed + RLS + pg_cron scheduling

### Resultados
- **Build**: passou sem erros
- **Testes**: 473 passed, 1 skipped (26 test files)
- **Commit**: `[bloco 0.2] Feature Flags + Background Jobs + Deep Linking`
