## Block 5 Complete

**Summary of what was done:**

### 5.1 — Services Audit (47 services)
- **38 Category A** (functional apiClient/Supabase calls)
- **5 Category B** (partial stubs): daily-feedback, developer, mensagens, turma-broadcast, video-progress
- **1 Category C** (mock-only): device-fingerprint
- **2 Barrel re-exports**: conquistas → medalhas, instrutor → professor

**Fixes applied:**
- Removed `as any` in `auth.service.ts` (replaced with typed cast)
- Added typed interfaces in 4 services (`ProfessorSplit`, `PDVStats`, `VisitantesStats`, `ModalidadeInfo`/`CategoriaInfo`)
- Fixed `mensagens.service.ts` to use standard `useMock`/`mockDelay` from `@/lib/env`
- Added `TODO(BBOS-Phase-X)` comments to all Category B stub branches

### 5.2 — Migrations Audit
- **38 tables + 1 view**, all with RLS and policies — **zero violations**
- Created corrective migration `00013_fix_missing_triggers.sql` for 2 tables missing `updated_at` triggers
- Documented 9 missing tables in `types.ts` header (needs `supabase gen types` regeneration)
- All foreign keys consistent, all SQL valid

### Results
- **pnpm build**: PASS (zero errors)
- **vitest**: 469 passed, 4 pre-existing failures, **0 regressions**
- **Committed**: `62599e1` — NOT pushed (per instructions)
