**BLOCO B4 concluido com sucesso.**

### Resumo das mudanças (84 arquivos, +712/-416 linhas):

**Global:**
- `borderRadius: '4px'` → `'12px'` em 25+ arquivos
- Novas CSS utilities premium: `.premium-card`, `.stat-card`, `.th-premium`, `.empty-state-premium`, `.gold-accent-bar`, `.premium-action-btn`
- Design tokens atualizados: blur 12→16px, borderRadius: 12px
- `prof-glass-card` agora com border-radius: 12px
- Pattern `bg-black/40 ... rounded-lg` → `rounded-xl`

**Por seção:**
- **Admin (24 pages):** hover-card em stats/cards, th-premium em tabelas, gold-accent-bar, empty-state-premium, space-y-8
- **Professor (15 pages):** hover-card em turmas/videos/ações, empty states melhorados, rounded-xl em tabs/botões
- **Athlete/Main (29 pages):** hover-card em cards interativos, rounded-xl em botões/imagens, empty states premium
- **Teen (10 pages):** rounded-xl em filtros/CTAs/ícones, empty states melhorados
- **Kids (7 pages):** rounded-3xl preservado (kid-friendly), hover-card em desafios
- **Parent (8 pages):** rounded-xl em rows/badges, hover-card em cards de filhos
- **Auth (13 files):** rounded-xl em inputs/botões/alerts

**Build:** `pnpm build` passou com zero erros.
**Commit:** `[bloco B4] Layout Overhaul — todos os perfis` (fb2ee45)
ent metric typography
   - .page-header-title / .page-header-subtitle — page headers
   - .section-title / .section-divider — section separators
   - .th-premium — table header cells
   - .empty-state-premium — enhanced empty states
   - .premium-action-btn — CTA buttons
   - .gold-accent-bar — gold gradient section divider
4. Updated design-tokens.ts glass preset: blur 12px→16px, borderRadius: 12px
5. Updated prof-glass-card CSS: added border-radius: 12px
6. Upgraded bg-black/40 glass pattern: rounded-lg → rounded-xl

── ADMIN SECTION (24 pages) ────────────────────────────────
- gold-accent-bar section dividers on dashboard
- hover-card on all stat cards, action cards, user rows
- th-premium on table headers (usuarios)
- premium-card on filter panels
- empty-state-premium on all empty states
- Consistent space-y-8 between major sections
- rounded-xl on all card containers, modals, buttons

── PROFESSOR SECTION (15 pages) ────────────────────────────
- hover-card on turma cards, video cards, quick actions
- Improved empty states with icon containers
- rounded-xl on tab buttons, search inputs, action buttons
- Premium empty states on alunos, avaliacoes, plano-aula, mensagens

── ATHLETE/MAIN SECTION (29 pages) ─────────────────────────
- hover-card on stat cards, event cards, history cards, etc.
- rounded-xl on buttons, image containers, payment elements
- Improved empty states (buscar, eventos)
- Premium hover effects on all interactive cards

── TEEN SECTION (10 pages) ─────────────────────────────────
- rounded-xl on filter buttons, CTA buttons, icon containers
- Improved empty states (aulas)
- hover-card on perfil help items

── KIDS SECTION (7 pages) ──────────────────────────────────
- Already premium with rounded-3xl — preserved kid-friendly design
- hover-card on clickable challenge items

── PARENT SECTION (8 pages) ────────────────────────────────
- rounded-xl on info rows, status badges, child selector buttons
- hover-card on kid cards, stat cards

── AUTH SECTION (6 pages + 7 sub-components) ───────────────
- Already premium reference — minimal upgrades
- rounded-xl on inputs, buttons, error alerts
- Consistent with premium design system

── BUILD ────────────────────────────────────────────────────
pnpm build: ✅ PASSED (zero errors)
Tests: No project-level tests found — N/A
