==============================================================
BLOCO B6 — Responsividade + Mobile Polish
Date: 2026-03-05
Status: COMPLETE
==============================================================

CHANGES MADE:
=============

1. globals.css — B6 Responsive Utilities Section:
   - Responsive typography classes (.resp-h1, .resp-h2, .resp-h3, .resp-body)
   - Responsive stat-value scaling for mobile
   - Responsive grid utilities (.resp-grid-stats, .resp-grid-cards)
   - Table responsive wrapper (.table-responsive)
   - Safe area utility classes (.safe-top, .safe-bottom, .safe-x)
   - HTML overflow-x: hidden to prevent horizontal scroll
   - Responsive page padding (.page-padding)
   - Touch swipe container utilities (.swipe-container)
   - Horizontal scroll-snap for card carousels (.scroll-snap-x)
   - Sticky save bar for mobile forms (.sticky-save-bar)
   - Full-width card variant for mobile (.card-full-mobile)

2. components/ui/Modal.tsx:
   - Mobile: slides up from bottom with rounded-t-3xl (bottom sheet style)
   - Desktop: centered with rounded-token-xl (dialog style)
   - Safe area bottom padding on mobile
   - Slide-up animation instead of scale

3. components/ui/Button.tsx:
   - Mobile touch targets: h-9 (sm) / h-11 (md) on mobile
   - Desktop: reverts to h-8 / h-10 at sm: breakpoint
   - Added btn-inline class to exempt from global min-height rule

4. components/ui/Input.tsx:
   - Mobile touch targets: h-9 (sm) / h-11 (md) on mobile
   - Desktop: reverts to h-8 / h-10 at sm: breakpoint

5. components/ui/Card.tsx:
   - Responsive padding: p-4 on mobile, p-5 on sm+

6. components/shell/ShellBottomNav.tsx:
   - Increased touch targets: min-h-[48px], py-2
   - Active scale feedback (active:scale-95)
   - btn-inline class to exempt from global 44px rule

7. components/shell/ShellMobileDrawer.tsx:
   - Swipe-down-to-close gesture via useSwipeGesture hook

8. components/shell/AppShell.tsx:
   - Progressive content padding: px-4 sm:px-6 lg:px-8

9. hooks/useSwipeGesture.ts (NEW):
   - Touch swipe detection hook for horizontal/vertical gestures
   - Configurable threshold (default 50px)
   - Velocity check (ignores slow >800ms gestures)
   - Used by ShellMobileDrawer for swipe-to-close

10. RESPONSIVE GRID FIXES:
    - teen-inicio: grid-cols-4 → grid-cols-2 sm:grid-cols-4 (stats)
    - teen-inicio: grid-cols-1 lg:grid-cols-5 → grid-cols-1 md:grid-cols-2 lg:grid-cols-5
    - kids-inicio: grid-cols-4 → grid-cols-3 sm:grid-cols-4 (mascots)
    - admin dashboard: grid-cols-1 md:grid-cols-3 → grid-cols-1 sm:grid-cols-2 md:grid-cols-3 (metrics + actions)
    - professor dashboard: grid-cols-3 → grid-cols-2 sm:grid-cols-3 (pedagogical stats)
    - professor dashboard: grid-cols-1 md:grid-cols-3 → grid-cols-1 sm:grid-cols-2 md:grid-cols-3 (videos)

BUILD: pnpm build — PASSED (0 errors)
TESTS: npx vitest run — 473 passed, 0 failed
