## Block 4 Complete

**Summary of work done:**

### Batches 1-3, 5-6 (Auth, Academy, Attendance, Content, Financial)
- 23 services already Category A — verified working with existing apiClient → API route → Supabase chain

### Batch 4 (Professor)
- Created `app/api/alunos/[alunoId]/progresso/route.ts` — GET (resumo) + POST (update) using `skill_assessments` table

### Batch 7 (Notifications & Messages)
- Created 6 API routes under `app/api/mensagens/` (conversations, messages, read, unread, templates, user lookup)
- Connected `mensagens.service.ts` with full apiClient integration (was throwing "Not implemented")

### Batch 8 (Remaining Services)
- **Fixed 5 services** that threw errors or returned empty in production mode:
  - `daily-feedback.service.ts` — replaced `throw Error` with apiClient calls
  - `developer.service.ts` — replaced `throw Error` with apiClient calls + created dedicated API route
  - `turma-broadcast.service.ts` — added apiClient calls (Phase-2)
  - `video-progress.service.ts` — added apiClient calls (Phase-2)
  - `mensagens.service.ts` — full apiClient integration
- Created additional API routes: `perfil/estendido`, `perfil/modalidades`, `perfil/categorias`, `teen/profiles`, `teen/sessoes`, `teen/conquistas`, `teen/checkins`
- Phase-X services (pdv, shop, whatsapp, playlist, video-management, video-upload, storage, visitantes) already had apiClient calls — no changes needed

### Results
- **`pnpm build`**: passes (0 errors)
- **`npx vitest run`**: 473 tests passed, 0 failed
- **Commit**: `e0597e1` — 20 files changed, 732 insertions
