**Bloco 5 completo.** Resumo:

### Scripts criados (10 arquivos):

| Script | Conteúdo |
|--------|----------|
| `seed-helpers.ts` | Client admin, constantes, IDs fixos, helpers compartilhados |
| `seed-academy.ts` | 1 academia "BlackBelt Demo" (BJJ, pro, pt-BR, SP) |
| `seed-users.ts` | 6 usuários (admin/professor/adulto/teen/kids/parent) + memberships + parent_child_link |
| `seed-classes.ts` | 5 turmas (11 slots) com horários recorrentes + enrollments |
| `seed-attendance.ts` | 60 dias de histórico (Maria 80%, Miguel 70%, Ana 90%) + streaks |
| `seed-progression.ts` | Promoções, milestones, skill track + assessments |
| `seed-financial.ts` | 3 planos + assinaturas Maria/Roberto + faturas pagas + payments |
| `seed-notifications.ts` | 10 notificações/usuário (7 lidas, 3 não lidas) |
| `seed-achievements.ts` | Conquistas: Maria (5), Miguel (3), Ana (3) |
| `seed-all.ts` | Runner sequencial na ordem de dependência |

### Validação:
- **Build**: OK (zero erros)
- **Testes**: 473 passed, 0 failed (26 files)
- **Commit**: `b30218b` — `[bloco 5] Seed Data Completo`
- **Idempotência**: Todos os scripts usam upsert ou check-before-insert
- **Uso**: `npx tsx scripts/seed-all.ts`
